start: start
accept: accept
reject: reject
blank: _

start 0 -> init= 0 <
start 1 -> init= 1 <
init= _ -> init1 = <
init1 _ -> skipAllBangInit 1 >
skipAllBangInit 0 -> skipAllBangInit 0 >
skipAllBangInit 1 -> skipAllBangInit 1 >
skipAllBangInit = -> skipAllBangInit = >
skipAllBangInit ! -> init! ! ^
skipAllBangInit * -> init! * ^
skipAllBangInit _ -> init! _ ^
skipAllBangInit i -> init! i ^
skipAllBangInit o -> init! o ^
init! _ -> skipAllGoEq ! <
skipAllGoEq ! -> skipAllGoEq ! <
skipAllGoEq * -> skipAllGoEq * <
skipAllGoEq 0 -> skipAllGoEq 0 <
skipAllGoEq 1 -> skipAllGoEq 1 <
skipAllGoEq _ -> skipAllGoEq _ <
skipAllGoEq i -> skipAllGoEq i <
skipAllGoEq o -> skipAllGoEq o <
skipAllGoEq = -> factIter = ^
factIter = -> copyNumCou = >
copyNumCou 0 -> copyNumCou_fetch 0 ^
copyNumCou 1 -> copyNumCou_fetch 1 ^
copyNumCou_fetch 0 -> copyNumCou_carry'o 0 >
copyNumCou_fetch 1 -> copyNumCou_carry'i 1 >
copyNumCou_carryi ! -> copyNumCou_carryi ! >
copyNumCou_carryi * -> copyNumCou_carryi * >
copyNumCou_carryi 0 -> copyNumCou_carryi 0 >
copyNumCou_carryi 1 -> copyNumCou_carryi 1 >
copyNumCou_carryi = -> copyNumCou_carryi = >
copyNumCou_carryi i -> copyNumCou_carryi i >
copyNumCou_carryi o -> copyNumCou_carryi o >
copyNumCou_carry'i ! -> copyNumCou_carryi ! >
copyNumCou_carry'i * -> copyNumCou_carryi * >
copyNumCou_carry'i = -> copyNumCou_carryi = >
copyNumCou_carry'i _ -> copyNumCou_carryi _ >
copyNumCou_carry'i i -> copyNumCou_carryi i >
copyNumCou_carry'i o -> copyNumCou_carryi o >
copyNumCou_carry'i 1 -> copyNumCou_carryi i >
copyNumCou_carry'i 0 -> copyNumCou_carryi o >
copyNumCou_carryo ! -> copyNumCou_carryo ! >
copyNumCou_carryo * -> copyNumCou_carryo * >
copyNumCou_carryo 0 -> copyNumCou_carryo 0 >
copyNumCou_carryo 1 -> copyNumCou_carryo 1 >
copyNumCou_carryo = -> copyNumCou_carryo = >
copyNumCou_carryo i -> copyNumCou_carryo i >
copyNumCou_carryo o -> copyNumCou_carryo o >
copyNumCou_carry'o ! -> copyNumCou_carryo ! >
copyNumCou_carry'o * -> copyNumCou_carryo * >
copyNumCou_carry'o = -> copyNumCou_carryo = >
copyNumCou_carry'o _ -> copyNumCou_carryo _ >
copyNumCou_carry'o i -> copyNumCou_carryo i >
copyNumCou_carry'o o -> copyNumCou_carryo o >
copyNumCou_carry'o 1 -> copyNumCou_carryo i >
copyNumCou_carry'o 0 -> copyNumCou_carryo o >
copyNumCou_carryi _ -> copyNumCou_goback 1 <
copyNumCou_carryo _ -> copyNumCou_goback 0 <
copyNumCou_goback ! -> copyNumCou_goback ! <
copyNumCou_goback * -> copyNumCou_goback * <
copyNumCou_goback 0 -> copyNumCou_goback 0 <
copyNumCou_goback 1 -> copyNumCou_goback 1 <
copyNumCou_goback = -> copyNumCou_goback = <
copyNumCou_goback _ -> skipAll2Right* _ >
copyNumCou_goback o -> copyNumCou_fetch 0 ^
copyNumCou_goback i -> copyNumCou_fetch 1 ^
skipAll2Right* ! -> skipAll2Right* ! >
skipAll2Right* * -> skipAll2Right* * >
skipAll2Right* 0 -> skipAll2Right* 0 >
skipAll2Right* 1 -> skipAll2Right* 1 >
skipAll2Right* = -> skipAll2Right* = >
skipAll2Right* i -> skipAll2Right* i >
skipAll2Right* o -> skipAll2Right* o >
skipAll2Right* _ -> put* _ ^
put* _ -> skipAll2LeftCopy * <
skipAll2LeftCopy ! -> skipAll2LeftCopy ! <
skipAll2LeftCopy * -> skipAll2LeftCopy * <
skipAll2LeftCopy 0 -> skipAll2LeftCopy 0 <
skipAll2LeftCopy 1 -> skipAll2LeftCopy 1 <
skipAll2LeftCopy = -> skipAll2LeftCopy = <
skipAll2LeftCopy i -> skipAll2LeftCopy i <
skipAll2LeftCopy o -> skipAll2LeftCopy o <
skipAll2LeftCopy _ -> copyNumCopyFact _ >
copyNumCopyFact 0 -> copyNumCopyFact_fetch 0 ^
copyNumCopyFact 1 -> copyNumCopyFact_fetch 1 ^
copyNumCopyFact_fetch 0 -> copyNumCopyFact_carry'o 0 >
copyNumCopyFact_fetch 1 -> copyNumCopyFact_carry'i 1 >
copyNumCopyFact_carryi ! -> copyNumCopyFact_carryi ! >
copyNumCopyFact_carryi * -> copyNumCopyFact_carryi * >
copyNumCopyFact_carryi 0 -> copyNumCopyFact_carryi 0 >
copyNumCopyFact_carryi 1 -> copyNumCopyFact_carryi 1 >
copyNumCopyFact_carryi = -> copyNumCopyFact_carryi = >
copyNumCopyFact_carryi i -> copyNumCopyFact_carryi i >
copyNumCopyFact_carryi o -> copyNumCopyFact_carryi o >
copyNumCopyFact_carry'i ! -> copyNumCopyFact_carryi ! >
copyNumCopyFact_carry'i * -> copyNumCopyFact_carryi * >
copyNumCopyFact_carry'i = -> copyNumCopyFact_carryi = >
copyNumCopyFact_carry'i _ -> copyNumCopyFact_carryi _ >
copyNumCopyFact_carry'i i -> copyNumCopyFact_carryi i >
copyNumCopyFact_carry'i o -> copyNumCopyFact_carryi o >
copyNumCopyFact_carry'i 1 -> copyNumCopyFact_carryi i >
copyNumCopyFact_carry'i 0 -> copyNumCopyFact_carryi o >
copyNumCopyFact_carryo ! -> copyNumCopyFact_carryo ! >
copyNumCopyFact_carryo * -> copyNumCopyFact_carryo * >
copyNumCopyFact_carryo 0 -> copyNumCopyFact_carryo 0 >
copyNumCopyFact_carryo 1 -> copyNumCopyFact_carryo 1 >
copyNumCopyFact_carryo = -> copyNumCopyFact_carryo = >
copyNumCopyFact_carryo i -> copyNumCopyFact_carryo i >
copyNumCopyFact_carryo o -> copyNumCopyFact_carryo o >
copyNumCopyFact_carry'o ! -> copyNumCopyFact_carryo ! >
copyNumCopyFact_carry'o * -> copyNumCopyFact_carryo * >
copyNumCopyFact_carry'o = -> copyNumCopyFact_carryo = >
copyNumCopyFact_carry'o _ -> copyNumCopyFact_carryo _ >
copyNumCopyFact_carry'o i -> copyNumCopyFact_carryo i >
copyNumCopyFact_carry'o o -> copyNumCopyFact_carryo o >
copyNumCopyFact_carry'o 1 -> copyNumCopyFact_carryo i >
copyNumCopyFact_carry'o 0 -> copyNumCopyFact_carryo o >
copyNumCopyFact_carryi _ -> copyNumCopyFact_goback 1 <
copyNumCopyFact_carryo _ -> copyNumCopyFact_goback 0 <
copyNumCopyFact_goback ! -> copyNumCopyFact_goback ! <
copyNumCopyFact_goback * -> copyNumCopyFact_goback * <
copyNumCopyFact_goback 0 -> copyNumCopyFact_goback 0 <
copyNumCopyFact_goback 1 -> copyNumCopyFact_goback 1 <
copyNumCopyFact_goback = -> copyNumCopyFact_goback = <
copyNumCopyFact_goback _ -> resetFact _ >
copyNumCopyFact_goback o -> copyNumCopyFact_fetch 0 ^
copyNumCopyFact_goback i -> copyNumCopyFact_fetch 1 ^
resetFact 0 -> resetFact _ >
resetFact 1 -> resetFact _ >
resetFact = -> put0resetter = <
put0resetter _ -> skipAll* 0 >
skipAll* ! -> skipAll* ! >
skipAll* 0 -> skipAll* 0 >
skipAll* 1 -> skipAll* 1 >
skipAll* = -> skipAll* = >
skipAll* _ -> skipAll* _ >
skipAll* i -> skipAll* i >
skipAll* o -> skipAll* o >
skipAll* * -> check*Bit * <
check*Bit 0 -> skipAllPush * >
skipAllPush ! -> skipAllPush ! >
skipAllPush * -> skipAllPush * >
skipAllPush 0 -> skipAllPush 0 >
skipAllPush 1 -> skipAllPush 1 >
skipAllPush = -> skipAllPush = >
skipAllPush i -> skipAllPush i >
skipAllPush o -> skipAllPush o >
skipAllPush _ -> pusher _ ^
pusher _ -> skipAllLeft* 0 <
skipAllLeft* 0 -> skipAllLeft* 0 <
skipAllLeft* 1 -> skipAllLeft* 1 <
skipAllLeft* ! -> skipAllOnly*Left ! ^
skipAllLeft* * -> skipAllOnly*Left * ^
skipAllLeft* = -> skipAllOnly*Left = ^
skipAllLeft* _ -> skipAllOnly*Left _ ^
skipAllLeft* i -> skipAllOnly*Left i ^
skipAllLeft* o -> skipAllOnly*Left o ^
skipAllOnly*Left * -> skipAllOnly*Left * <
skipAllOnly*Left ! -> check*Bit ! ^
skipAllOnly*Left 0 -> check*Bit 0 ^
skipAllOnly*Left 1 -> check*Bit 1 ^
skipAllOnly*Left = -> check*Bit = ^
skipAllOnly*Left _ -> check*Bit _ ^
skipAllOnly*Left i -> check*Bit i ^
skipAllOnly*Left o -> check*Bit o ^
check*Bit ! -> cleanup ! >
cleanup _ -> skipAllseek! _ <
cleanup ! -> cleanup _ >
cleanup * -> cleanup _ >
cleanup 0 -> cleanup _ >
cleanup 1 -> cleanup _ >
cleanup = -> cleanup _ >
cleanup i -> cleanup _ >
cleanup o -> cleanup _ >
skipAllseek! * -> skipAllseek! * <
skipAllseek! 0 -> skipAllseek! 0 <
skipAllseek! 1 -> skipAllseek! 1 <
skipAllseek! = -> skipAllseek! = <
skipAllseek! _ -> skipAllseek! _ <
skipAllseek! i -> skipAllseek! i <
skipAllseek! o -> skipAllseek! o <
skipAllseek! ! -> decrementCounter ! <
decrementCounter 0 -> decrementCounter 1 <
decrementCounter 1 -> skipAllCounterCheck0 0 ^
decrementCounter ! -> skipAllFinalCleanup ! >
decrementCounter * -> skipAllFinalCleanup * >
decrementCounter = -> skipAllFinalCleanup = >
decrementCounter _ -> skipAllFinalCleanup _ >
decrementCounter i -> skipAllFinalCleanup i >
decrementCounter o -> skipAllFinalCleanup o >
skipAllCounterCheck0 0 -> skipAllCounterCheck0 0 <
skipAllCounterCheck0 1 -> skipAllCounterCheck0 1 <
skipAllCounterCheck0 ! -> counterCheck0 ! >
skipAllCounterCheck0 * -> counterCheck0 * >
skipAllCounterCheck0 = -> counterCheck0 = >
skipAllCounterCheck0 _ -> counterCheck0 _ >
skipAllCounterCheck0 i -> counterCheck0 i >
skipAllCounterCheck0 o -> counterCheck0 o >
counterCheck0 0 -> counterCheck0 0 >
counterCheck0 ! -> finalCleanup ! ^
counterCheck0 1 -> skipAll=Check0 1 <
skipAll=Check0 0 -> skipAll=Check0 0 <
skipAll=Check0 1 -> skipAll=Check0 1 <
skipAll=Check0 ! -> factIter ! ^
skipAll=Check0 * -> factIter * ^
skipAll=Check0 = -> factIter = ^
skipAll=Check0 _ -> factIter _ ^
skipAll=Check0 i -> factIter i ^
skipAll=Check0 o -> factIter o ^
finalCleanup ! -> finalCleanup _ <
finalCleanup * -> finalCleanup _ <
finalCleanup 0 -> finalCleanup _ <
finalCleanup 1 -> finalCleanup _ <
finalCleanup _ -> finalCleanup _ <
finalCleanup i -> finalCleanup _ <
finalCleanup o -> finalCleanup _ <
finalCleanup = -> skipAllSeekBeg _ <
skipAllSeekBeg 0 -> skipAllSeekBeg 0 <
skipAllSeekBeg 1 -> skipAllSeekBeg 1 <
skipAllSeekBeg ! -> chop ! >
skipAllSeekBeg * -> chop * >
skipAllSeekBeg = -> chop = >
skipAllSeekBeg _ -> chop _ >
skipAllSeekBeg i -> chop i >
skipAllSeekBeg o -> chop o >
chop 1 -> accept 1 ^
chop 0 -> chop _ >
chop _ -> accept 0 ^
check*Bit 1 -> skipAllPutIO 0 <
skipAllPutIO ! -> skipAllPutIO ! <
skipAllPutIO * -> skipAllPutIO * <
skipAllPutIO 0 -> skipAllPutIO 0 <
skipAllPutIO 1 -> skipAllPutIO 1 <
skipAllPutIO _ -> skipAllPutIO _ <
skipAllPutIO i -> skipAllPutIO i <
skipAllPutIO o -> skipAllPutIO o <
skipAllPutIO = -> putioleft = <
putioleft 0 -> skipAllGoRight+ o >
putioleft 1 -> skipAllGoRight+ i >
skipAllGoRight+ ! -> skipAllGoRight+ ! >
skipAllGoRight+ * -> skipAllGoRight+ * >
skipAllGoRight+ 0 -> skipAllGoRight+ 0 >
skipAllGoRight+ 1 -> skipAllGoRight+ 1 >
skipAllGoRight+ = -> skipAllGoRight+ = >
skipAllGoRight+ i -> skipAllGoRight+ i >
skipAllGoRight+ o -> skipAllGoRight+ o >
skipAllGoRight+ _ -> markRight _ <
markRight 0 -> doPlusIter o ^
markRight 1 -> doPlusIter i ^
doPlusIter o -> doPlusIter'o 0 <
doPlusIter i -> doPlusIter'i 1 <
carryToo ! -> carryToo ! <
carryToo * -> carryToo * <
carryToo 0 -> carryToo 0 <
carryToo 1 -> carryToo 1 <
carryToo = -> carryToo = <
doPlusIter'o * -> carryToo * <
doPlusIter'o 1 -> carryToo i <
doPlusIter'o 0 -> carryToo o <
carryToi ! -> carryToi ! <
carryToi * -> carryToi * <
carryToi 0 -> carryToi 0 <
carryToi 1 -> carryToi 1 <
carryToi = -> carryToi = <
doPlusIter'i * -> carryToi * <
doPlusIter'i 1 -> carryToi i <
doPlusIter'i 0 -> carryToi o <
carryToi _ -> skipAllRightIO 1 >
carryToi o -> markInLeft 1 <
carryToi i -> markInLeftCarry 0 <
markInLeftCarry _ -> skipAllRightIO i >
markInLeftCarry 0 -> skipAllRightIO i >
markInLeftCarry 1 -> leftCarry o <
leftCarry _ -> skipAllRightIO 1 >
leftCarry 0 -> skipAllRightIO 1 >
leftCarry 1 -> leftCarry 0 <
carryToo _ -> skipAllRightIO 0 >
carryToo o -> markInLeft 0 <
carryToo i -> markInLeft 1 <
markInLeft 0 -> skipAllRightIO o >
markInLeft 1 -> skipAllRightIO i >
markInLeft _ -> skipAllRightIO _ >
skipAllRightIO ! -> skipAllRightIO ! >
skipAllRightIO 0 -> skipAllRightIO 0 >
skipAllRightIO 1 -> skipAllRightIO 1 >
skipAllRightIO = -> skipAllRightIO = >
skipAllRightIO _ -> skipAllRightIO _ >
skipAllRightIO i -> skipAllRightIO i >
skipAllRightIO o -> skipAllRightIO o >
skipAllRightIO * -> skipAllRightIO' * >
skipAllRightIO' ! -> skipAllRightIO' ! >
skipAllRightIO' * -> skipAllRightIO' * >
skipAllRightIO' 0 -> skipAllRightIO' 0 >
skipAllRightIO' 1 -> skipAllRightIO' 1 >
skipAllRightIO' = -> skipAllRightIO' = >
skipAllRightIO' i -> checkWent i ^
skipAllRightIO' o -> checkWent o ^
skipAllRightIO' _ -> checkWent _ ^
checkWent _ -> checkWentRemoveIO _ <
checkWent i -> doPlusIter i ^
checkWent o -> doPlusIter o ^
checkWentRemoveIO ! -> checkWentRemoveIO ! <
checkWentRemoveIO * -> checkWentRemoveIO * <
checkWentRemoveIO 0 -> checkWentRemoveIO 0 <
checkWentRemoveIO 1 -> checkWentRemoveIO 1 <
checkWentRemoveIO = -> checkWentRemoveIO = <
checkWentRemoveIO _ -> skipAll* _ >
checkWentRemoveIO o -> skipAll* 0 >
checkWentRemoveIO i -> skipAll* 1 >
kp2pml30_generated_file _ -> extended_turing_machine _ ^
