1




S $ -> init( $ <
S ( -> init( ( <
S ) -> init( ) <
S 0 -> init( 0 <
S 1 -> init( 1 <
S [ -> init( [ <
S ] -> init( ] <
S ^ -> init( ^ <
S _ -> init( _ <
S a -> init( a <
S o -> init( o <
init( _ -> init^ ( <
init^ _ -> skipAllInit) ^ >
skipAllInit) $ -> skipAllInit) $ >
skipAllInit) ( -> skipAllInit) ( >
skipAllInit) ) -> skipAllInit) ) >
skipAllInit) 0 -> skipAllInit) 0 >
skipAllInit) 1 -> skipAllInit) 1 >
skipAllInit) [ -> skipAllInit) [ >
skipAllInit) ] -> skipAllInit) ] >
skipAllInit) ^ -> skipAllInit) ^ >
skipAllInit) a -> skipAllInit) a >
skipAllInit) o -> skipAllInit) o >
skipAllInit) _ -> init) _ ^
init) _ -> init$ ) >
init$ _ -> skipAllFind(^ $ <
skipAllFind(^ $ -> skipAllFind(^ $ <
skipAllFind(^ ) -> skipAllFind(^ ) <
skipAllFind(^ 0 -> skipAllFind(^ 0 <
skipAllFind(^ 1 -> skipAllFind(^ 1 <
skipAllFind(^ [ -> skipAllFind(^ [ <
skipAllFind(^ ] -> skipAllFind(^ ] <
skipAllFind(^ _ -> skipAllFind(^ _ <
skipAllFind(^ a -> skipAllFind(^ a <
skipAllFind(^ o -> skipAllFind(^ o <
skipAllFind(^ ( -> found(^ ( ^
skipAllFind(^ ^ -> found(^ ^ ^
found(^ ^ -> skipAll2$ _ >
skipAll2$ ( -> skipAll2$ ( >
skipAll2$ ) -> skipAll2$ ) >
skipAll2$ 0 -> skipAll2$ 0 >
skipAll2$ 1 -> skipAll2$ 1 >
skipAll2$ [ -> skipAll2$ [ >
skipAll2$ ] -> skipAll2$ ] >
skipAll2$ ^ -> skipAll2$ ^ >
skipAll2$ _ -> skipAll2$ _ >
skipAll2$ a -> skipAll2$ a >
skipAll2$ o -> skipAll2$ o >
skipAll2$ $ -> rm$ $ ^
rm$ $ -> skipAllAnswer _ <
skipAllAnswer $ -> skipAllAnswer $ <
skipAllAnswer ( -> skipAllAnswer ( <
skipAllAnswer ) -> skipAllAnswer ) <
skipAllAnswer [ -> skipAllAnswer [ <
skipAllAnswer ] -> skipAllAnswer ] <
skipAllAnswer ^ -> skipAllAnswer ^ <
skipAllAnswer _ -> skipAllAnswer _ <
skipAllAnswer a -> skipAllAnswer a <
skipAllAnswer o -> skipAllAnswer o <
skipAllAnswer 0 -> AC 0 ^
skipAllAnswer 1 -> AC 1 ^
found(^ ( -> skipAllA) ( >
skipAllA) $ -> skipAllA) $ >
skipAllA) ( -> skipAllA) ( >
skipAllA) 0 -> skipAllA) 0 >
skipAllA) 1 -> skipAllA) 1 >
skipAllA) [ -> skipAllA) [ >
skipAllA) ] -> skipAllA) ] >
skipAllA) ^ -> skipAllA) ^ >
skipAllA) _ -> skipAllA) _ >
skipAllA) o -> skipAllA) o >
skipAllA) ) -> foundA) ) ^
skipAllA) a -> foundA) a ^
foundA) a -> gola _ <
gola _ -> gola _ <
gora0 _ -> gora0 _ >
gola 0 -> gora0 _ >
gora1 _ -> gora1 _ >
gola 1 -> gora1 _ >
gora0 0 -> skipAllA) 0 >
gora0 1 -> skipAllA) 0 >
gora1 0 -> skipAllA) 0 >
gora1 1 -> skipAllA) 1 >
foundA) ) -> skipAllO( ) <
skipAllO( $ -> skipAllO( $ <
skipAllO( ) -> skipAllO( ) <
skipAllO( 0 -> skipAllO( 0 <
skipAllO( 1 -> skipAllO( 1 <
skipAllO( [ -> skipAllO( [ <
skipAllO( ] -> skipAllO( ] <
skipAllO( ^ -> skipAllO( ^ <
skipAllO( _ -> skipAllO( _ <
skipAllO( a -> skipAllO( a <
skipAllO( ( -> foundO( ( ^
skipAllO( o -> foundO( o ^
foundO( ( -> skipAllRemove) _ >
skipAllRemove) $ -> skipAllRemove) $ >
skipAllRemove) ( -> skipAllRemove) ( >
skipAllRemove) 0 -> skipAllRemove) 0 >
skipAllRemove) 1 -> skipAllRemove) 1 >
skipAllRemove) [ -> skipAllRemove) [ >
skipAllRemove) ] -> skipAllRemove) ] >
skipAllRemove) ^ -> skipAllRemove) ^ >
skipAllRemove) _ -> skipAllRemove) _ >
skipAllRemove) a -> skipAllRemove) a >
skipAllRemove) o -> skipAllRemove) o >
skipAllRemove) ) -> remove) ) ^
remove) ) -> skipAllFind(^ _ <
foundO( o -> golo _ <
golo _ -> golo _ <
goro0 _ -> goro0 _ >
golo 0 -> goro0 _ >
goro1 _ -> goro1 _ >
golo 1 -> goro1 _ >
goro0 0 -> skipAllO( 0 <
goro0 1 -> skipAllO( 1 <
goro1 0 -> skipAllO( 1 <
goro1 1 -> skipAllO( 1 <
kp2pml30_generated_file _ -> extended_turing_machine _ ^
