start: start
accept: accept
reject: reject
blank: _

start 0 -> skipAllGoSep 0 ^
start 1 -> skipAllGoSep 1 ^
skipAllGoSep ! -> skipAllGoSep ! >
skipAllGoSep 0 -> skipAllGoSep 0 >
skipAllGoSep 1 -> skipAllGoSep 1 >
skipAllGoSep = -> skipAllGoSep = >
skipAllGoSep > -> skipAllGoSep > >
skipAllGoSep _ -> skipAllGoSep _ >
skipAllGoSep < -> changeSep < ^
changeSep < -> skipAllGoRight ! >
skipAllGoRight ! -> skipAllGoRight ! >
skipAllGoRight 0 -> skipAllGoRight 0 >
skipAllGoRight 1 -> skipAllGoRight 1 >
skipAllGoRight < -> skipAllGoRight < >
skipAllGoRight = -> skipAllGoRight = >
skipAllGoRight > -> skipAllGoRight > >
skipAllGoRight _ -> testRight _ <
skipAllLeft[Done _ -> accept < ^
skipAllLeft'[ = -> skipAllLeft'[ = <
skipAllLeft'[ < -> skipAllLeft'[ < <
skipAllLeft'[ > -> skipAllLeft'[ > <
skipAllLeft'[ ! -> skipAllLeft[Done ! ^
skipAllLeft'[ 0 -> skipAllLeft[Done 0 ^
skipAllLeft'[ 1 -> skipAllLeft[Done 1 ^
skipAllLeft'[ _ -> skipAllLeft[Done _ ^
skipAllLeft[ 0 -> skipAllLeft[ 0 <
skipAllLeft[ 1 -> skipAllLeft[ 1 <
skipAllLeft[ < -> skipAllLeft[ < <
skipAllLeft[ = -> skipAllLeft[ = <
skipAllLeft[ > -> skipAllLeft[ > <
skipAllLeft[ _ -> skipAllLeft[ _ <
skipAllLeft[ ! -> skipAllLeft'[ ! <
testRight [ -> skipAllLeft[ _ <
skipAllLeft0Done _ -> accept < ^
skipAllLeft'0 = -> skipAllLeft'0 = <
skipAllLeft'0 < -> skipAllLeft'0 < <
skipAllLeft'0 > -> skipAllLeft'0 > <
skipAllLeft'0 ! -> skipAllLeft0Done ! ^
skipAllLeft'0 0 -> skipAllLeft0Done 0 ^
skipAllLeft'0 1 -> skipAllLeft0Done 1 ^
skipAllLeft'0 _ -> skipAllLeft0Done _ ^
skipAllLeft0 0 -> skipAllLeft0 0 <
skipAllLeft0 1 -> skipAllLeft0 1 <
skipAllLeft0 < -> skipAllLeft0 < <
skipAllLeft0 = -> skipAllLeft0 = <
skipAllLeft0 > -> skipAllLeft0 > <
skipAllLeft0 _ -> skipAllLeft0 _ <
skipAllLeft0 ! -> skipAllLeft'0 ! <
testRight 0 -> skipAllLeft0 _ <
skipAllLeft1Done _ -> accept < ^
skipAllLeft'1 = -> skipAllLeft'1 = <
skipAllLeft'1 < -> skipAllLeft'1 < <
skipAllLeft'1 > -> skipAllLeft'1 > <
skipAllLeft'1 ! -> skipAllLeft1Done ! ^
skipAllLeft'1 0 -> skipAllLeft1Done 0 ^
skipAllLeft'1 1 -> skipAllLeft1Done 1 ^
skipAllLeft'1 _ -> skipAllLeft1Done _ ^
skipAllLeft1 0 -> skipAllLeft1 0 <
skipAllLeft1 1 -> skipAllLeft1 1 <
skipAllLeft1 < -> skipAllLeft1 < <
skipAllLeft1 = -> skipAllLeft1 = <
skipAllLeft1 > -> skipAllLeft1 > <
skipAllLeft1 _ -> skipAllLeft1 _ <
skipAllLeft1 ! -> skipAllLeft'1 ! <
testRight 1 -> skipAllLeft1 _ <
skipAllLeft0Done 0 -> skipAllGoRight = >
skipAllLeft0Done 1 -> skipAllGoRight > >
skipAllLeft1Done 0 -> skipAllGoRight < >
skipAllLeft1Done 1 -> skipAllGoRight = >
testRight ! -> skipAllVerify ! <
skipAllVerify ! -> skipAllVerify ! <
skipAllVerify 0 -> skipAllVerify 0 <
skipAllVerify 1 -> skipAllVerify 1 <
skipAllVerify < -> skipAllVerify < <
skipAllVerify = -> skipAllVerify = <
skipAllVerify > -> skipAllVerify > <
skipAllVerify _ -> TrueVerify _ >
TrueVerify < -> accept < ^
TrueVerify 0 -> reject 0 ^
TrueVerify 1 -> reject 1 ^
TrueVerify > -> reject > ^
TrueVerify ! -> reject ! ^
TrueVerify = -> TrueVerify = >
kp2pml30_generated_file _ -> extended_turing_machine _ ^
