start: start
accept: accept
reject: reject
blank: _

start 0 -> init= 0 <
start 1 -> init= 1 <
init= _ -> init0 = <
init0 _ -> skipAll* 0 >
skipAll* 0 -> skipAll* 0 >
skipAll* 1 -> skipAll* 1 >
skipAll* = -> skipAll* = >
skipAll* _ -> skipAll* _ >
skipAll* i -> skipAll* i >
skipAll* o -> skipAll* o >
skipAll* * -> check*Bit * <
check*Bit 0 -> skipAllPush * >
skipAllPush * -> skipAllPush * >
skipAllPush 0 -> skipAllPush 0 >
skipAllPush 1 -> skipAllPush 1 >
skipAllPush = -> skipAllPush = >
skipAllPush i -> skipAllPush i >
skipAllPush o -> skipAllPush o >
skipAllPush _ -> pusher _ ^
pusher _ -> skipAllLeft* 0 <
skipAllLeft* 0 -> skipAllLeft* 0 <
skipAllLeft* 1 -> skipAllLeft* 1 <
skipAllLeft* * -> skipAllOnly*Left * ^
skipAllLeft* = -> skipAllOnly*Left = ^
skipAllLeft* _ -> skipAllOnly*Left _ ^
skipAllLeft* i -> skipAllOnly*Left i ^
skipAllLeft* o -> skipAllOnly*Left o ^
skipAllOnly*Left * -> skipAllOnly*Left * <
skipAllOnly*Left 0 -> check*Bit 0 ^
skipAllOnly*Left 1 -> check*Bit 1 ^
skipAllOnly*Left = -> check*Bit = ^
skipAllOnly*Left _ -> check*Bit _ ^
skipAllOnly*Left i -> check*Bit i ^
skipAllOnly*Left o -> check*Bit o ^
check*Bit = -> cleanup _ >
cleanup _ -> skipAllseekend _ <
cleanup * -> cleanup _ >
cleanup 0 -> cleanup _ >
cleanup 1 -> cleanup _ >
cleanup = -> cleanup _ >
cleanup i -> cleanup _ >
cleanup o -> cleanup _ >
skipAllseekend _ -> skipAllseekend _ <
skipAllseekend * -> skipAllseekbeg * <
skipAllseekend 0 -> skipAllseekbeg 0 <
skipAllseekend 1 -> skipAllseekbeg 1 <
skipAllseekend = -> skipAllseekbeg = <
skipAllseekend i -> skipAllseekbeg i <
skipAllseekend o -> skipAllseekbeg o <
skipAllseekbeg 0 -> skipAllseekbeg 0 <
skipAllseekbeg 1 -> skipAllseekbeg 1 <
skipAllseekbeg * -> chop * >
skipAllseekbeg = -> chop = >
skipAllseekbeg _ -> chop _ >
skipAllseekbeg i -> chop i >
skipAllseekbeg o -> chop o >
chop 1 -> accept 1 ^
chop 0 -> chop _ >
chop _ -> accept 0 ^
check*Bit 1 -> skipAllPutIO 0 <
skipAllPutIO 0 -> skipAllPutIO 0 <
skipAllPutIO 1 -> skipAllPutIO 1 <
skipAllPutIO * -> putioleft * <
skipAllPutIO = -> putioleft = <
skipAllPutIO _ -> putioleft _ <
skipAllPutIO i -> putioleft i <
skipAllPutIO o -> putioleft o <
putioleft 0 -> skipAllGoRight+ o >
putioleft 1 -> skipAllGoRight+ i >
skipAllGoRight+ * -> skipAllGoRight+ * >
skipAllGoRight+ 0 -> skipAllGoRight+ 0 >
skipAllGoRight+ 1 -> skipAllGoRight+ 1 >
skipAllGoRight+ = -> skipAllGoRight+ = >
skipAllGoRight+ i -> skipAllGoRight+ i >
skipAllGoRight+ o -> skipAllGoRight+ o >
skipAllGoRight+ _ -> markRight _ <
markRight 0 -> doPlusIter o ^
markRight 1 -> doPlusIter i ^
doPlusIter o -> doPlusIter'o 0 <
doPlusIter i -> doPlusIter'i 1 <
carryToo * -> carryToo * <
carryToo 0 -> carryToo 0 <
carryToo 1 -> carryToo 1 <
carryToo = -> carryToo = <
doPlusIter'o * -> carryToo * <
doPlusIter'o 1 -> carryToo i <
doPlusIter'o 0 -> carryToo o <
carryToi * -> carryToi * <
carryToi 0 -> carryToi 0 <
carryToi 1 -> carryToi 1 <
carryToi = -> carryToi = <
doPlusIter'i * -> carryToi * <
doPlusIter'i 1 -> carryToi i <
doPlusIter'i 0 -> carryToi o <
carryToi _ -> skipAllRightIO 1 >
carryToi o -> markInLeft 1 <
carryToi i -> markInLeftCarry 0 <
markInLeftCarry _ -> skipAllRightIO i >
markInLeftCarry 0 -> skipAllRightIO i >
markInLeftCarry 1 -> leftCarry o <
leftCarry _ -> skipAllRightIO 1 >
leftCarry 0 -> skipAllRightIO 1 >
leftCarry 1 -> leftCarry 0 <
carryToo _ -> skipAllRightIO 0 >
carryToo o -> markInLeft 0 <
carryToo i -> markInLeft 1 <
markInLeft 0 -> skipAllRightIO o >
markInLeft 1 -> skipAllRightIO i >
markInLeft _ -> skipAllRightIO _ >
skipAllRightIO 0 -> skipAllRightIO 0 >
skipAllRightIO 1 -> skipAllRightIO 1 >
skipAllRightIO = -> skipAllRightIO = >
skipAllRightIO _ -> skipAllRightIO _ >
skipAllRightIO i -> skipAllRightIO i >
skipAllRightIO o -> skipAllRightIO o >
skipAllRightIO * -> skipAllRightIO' * >
skipAllRightIO' * -> skipAllRightIO' * >
skipAllRightIO' 0 -> skipAllRightIO' 0 >
skipAllRightIO' 1 -> skipAllRightIO' 1 >
skipAllRightIO' = -> skipAllRightIO' = >
skipAllRightIO' i -> checkWent i ^
skipAllRightIO' o -> checkWent o ^
skipAllRightIO' _ -> checkWent _ ^
checkWent _ -> checkWentRemoveIO _ <
checkWent i -> doPlusIter i ^
checkWent o -> doPlusIter o ^
checkWentRemoveIO * -> checkWentRemoveIO * <
checkWentRemoveIO 0 -> checkWentRemoveIO 0 <
checkWentRemoveIO 1 -> checkWentRemoveIO 1 <
checkWentRemoveIO = -> checkWentRemoveIO = <
checkWentRemoveIO _ -> skipAll* _ >
checkWentRemoveIO o -> skipAll* 0 >
checkWentRemoveIO i -> skipAll* 1 >
kp2pml30_generated_file _ -> extended_turing_machine _ ^
